<?xml version="1.0" encoding="UTF-8"?>
<!-- Generated by org.testng.reporters.JUnitReportReporter -->
<testsuite hostname="admin-desktop" failures="0" tests="1" name="tests.BaseClass" time="0.027" errors="0" timestamp="2020-01-20T11:33:43 IST" skipped="0">
  <testcase classname="tests.BaseClass" name="sampleTest" time="0.027"/>
</testsuite> <!-- tests.BaseClass -->
